SF:lib\data_source\remote_data_sourse\userRemoteDataSourse.dart
DA:12,1
DA:14,2
DA:16,1
DA:17,1
DA:18,1
DA:19,1
DA:20,1
DA:21,1
DA:24,2
DA:34,1
DA:36,2
DA:38,1
DA:43,2
DA:44,2
DA:45,2
DA:46,2
DA:56,1
DA:57,1
DA:58,2
LF:19
LH:19
end_of_record
SF:lib\model\user.dart
DA:23,1
DA:33,0
DA:35,0
LF:3
LH:1
end_of_record
SF:lib\model\user.g.dart
DA:9,0
DA:10,0
DA:11,0
DA:12,0
DA:13,0
DA:14,0
DA:15,0
DA:16,0
DA:19,0
DA:20,0
DA:21,0
DA:22,0
DA:23,0
DA:24,0
DA:25,0
DA:26,0
LF:16
LH:0
end_of_record
SF:lib\data_source\remote_data_sourse\response\LoginResponse.dart
DA:9,1
DA:11,1
DA:12,1
DA:14,0
DA:15,0
LF:5
LH:3
end_of_record
SF:lib\data_source\remote_data_sourse\response\LoginResponse.g.dart
DA:9,1
DA:10,1
DA:11,1
DA:14,0
DA:15,0
DA:16,0
LF:6
LH:3
end_of_record
SF:lib\helper\http_services.dart
DA:7,3
DA:8,2
DA:9,1
DA:22,1
DA:23,2
DA:24,1
DA:26,1
DA:27,1
DA:28,1
DA:31,3
DA:32,1
DA:38,1
LF:12
LH:12
end_of_record
